
> frontend@0.1.0 build
> next build

⚠ Warning: Next.js inferred your workspace root, but it may not be correct.
 We detected multiple lockfiles and selected the directory of D:\Personal\Inteligencia Artificial\Proyecto MiniMercado\Proyecto\package-lock.json as the root directory.
 To silence this warning, set `turbopack.root` in your Next.js config, or consider removing one of the lockfiles if it's not needed.
   See https://nextjs.org/docs/app/api-reference/config/next-config-js/turbopack#root-directory for more information.
 Detected additional lockfiles: 
   * D:\Personal\Inteligencia Artificial\Proyecto MiniMercado\Proyecto\frontend\package-lock.json

▲ Next.js 16.1.7 (Turbopack)

  Creating an optimized production build ...
✓ Compiled successfully in 45s
  Running TypeScript ...
Failed to compile.

./src/app/dashboard/accounting/page.tsx:55:38
Type error: 'new' expression, whose target lacks a construct signature, implicitly has an 'any' type.

[0m [90m 53 |[39m     doc[33m.[39msetFontSize([35m10[39m)[33m;[39m
 [90m 54 |[39m     doc[33m.[39msetTextColor([35m100[39m)[33m;[39m
[31m[1m>[22m[39m[90m 55 |[39m     doc[33m.[39mtext([32m`Fecha de generación: ${new Date.toLocaleString('es-CO')}`[39m[33m,[39m [35m14[39m[33m,[39m [35m30[39m)[33m;[39m
 [90m    |[39m                                      [31m[1m^[22m[39m
 [90m 56 |[39m     
 [90m 57 |[39m     [90m// Summary Data[39m
 [90m 58 |[39m     autoTable(doc[33m,[39m {[0m
Next.js build worker exited with code: 1 and signal: null
